PhotoDictionary/app/build/outputs/apk/manifest-merger-debug-report.txt
-- Merging decision tree log ---
manifest
ADDED from AndroidManifest.xml:20:1
	xmlns:android
		ADDED from AndroidManifest.xml:20:11
	package
		ADDED from AndroidManifest.xml:21:11
		INJECTED from AndroidManifest.xml:0:0
		INJECTED from AndroidManifest.xml:0:0
	android:versionName
		ADDED from AndroidManifest.xml:23:11
	android:versionCode
		ADDED from AndroidManifest.xml:24:11
		INJECTED from AndroidManifest.xml:0:0
		INJECTED from AndroidManifest.xml:0:0
	android:installLocation
		ADDED from AndroidManifest.xml:22:11
uses-sdk
ADDED from AndroidManifest.xml:26:3
	android:targetSdkVersion
		ADDED from AndroidManifest.xml:26:39
		INJECTED from AndroidManifest.xml:0:0
		INJECTED from AndroidManifest.xml:0:0
	android:minSdkVersion
		ADDED from AndroidManifest.xml:26:13
		INJECTED from AndroidManifest.xml:0:0
		INJECTED from AndroidManifest.xml:0:0
supports-screens
ADDED from AndroidManifest.xml:27:3
	android:largeScreens
		ADDED from AndroidManifest.xml:27:21
	android:normalScreens
		ADDED from AndroidManifest.xml:28:21
	android:smallScreens
		ADDED from AndroidManifest.xml:29:21
uses-feature#android.hardware.camera.autofocus
ADDED from AndroidManifest.xml:30:3
	android:name
		ADDED from AndroidManifest.xml:30:17
uses-feature#android.hardware.camera.flash
ADDED from AndroidManifest.xml:31:3
	android:required
		ADDED from AndroidManifest.xml:31:62
	android:name
		ADDED from AndroidManifest.xml:31:17
uses-feature#android.hardware.camera
ADDED from AndroidManifest.xml:32:3
	android:name
		ADDED from AndroidManifest.xml:32:17
uses-permission#android.permission.FLASHLIGHT
ADDED from AndroidManifest.xml:33:3
	android:name
		ADDED from AndroidManifest.xml:33:20
uses-permission#android.permission.ACCESS_NETWORK_STATE
ADDED from AndroidManifest.xml:34:3
	android:name
		ADDED from AndroidManifest.xml:34:20
application
ADDED from AndroidManifest.xml:36:3
	android:label
		ADDED from AndroidManifest.xml:37:16
	android:icon
		ADDED from AndroidManifest.xml:36:16
activity#com.bw.picDictionary.ocr.SplashScreen
ADDED from AndroidManifest.xml:38:5
	android:screenOrientation
		ADDED from AndroidManifest.xml:38:68
	android:theme
		ADDED from AndroidManifest.xml:38:105
	android:name
		ADDED from AndroidManifest.xml:38:15
intent-filter#android.intent.action.MAIN+android.intent.category.LAUNCHER
ADDED from AndroidManifest.xml:39:9
action#android.intent.action.MAIN
ADDED from AndroidManifest.xml:40:13
	android:name
		ADDED from AndroidManifest.xml:40:21
category#android.intent.category.LAUNCHER
ADDED from AndroidManifest.xml:41:13
	android:name
		ADDED from AndroidManifest.xml:41:23
activity#com.bw.picDictionary.ocr.CaptureActivity
ADDED from AndroidManifest.xml:44:5
	android:windowSoftInputMode
		ADDED from AndroidManifest.xml:48:15
	android:screenOrientation
		ADDED from AndroidManifest.xml:45:15
	android:configChanges
		ADDED from AndroidManifest.xml:46:15
	android:theme
		ADDED from AndroidManifest.xml:47:15
	android:name
		ADDED from AndroidManifest.xml:44:15
activity#com.bw.picDictionary.ocr.HelpActivity
ADDED from AndroidManifest.xml:50:5
	android:screenOrientation
		ADDED from AndroidManifest.xml:51:15
	android:name
		ADDED from AndroidManifest.xml:50:15
intent-filter#android.intent.action.VIEW+android.intent.category.DEFAULT
ADDED from AndroidManifest.xml:52:7
action#android.intent.action.VIEW
ADDED from AndroidManifest.xml:53:9
	android:name
		ADDED from AndroidManifest.xml:53:17
category#android.intent.category.DEFAULT
ADDED from AndroidManifest.xml:54:9
	android:name
		ADDED from AndroidManifest.xml:54:19
activity#com.bw.picDictionary.ocr.PreferencesActivity
ADDED from AndroidManifest.xml:58:5
	android:screenOrientation
		ADDED from AndroidManifest.xml:58:75
	android:name
		ADDED from AndroidManifest.xml:58:15
activity#com.bw.picDictionary.wiktionary.LookupActivity
ADDED from AndroidManifest.xml:59:5
	android:screenOrientation
		ADDED from AndroidManifest.xml:59:128
	android:configChanges
		ADDED from AndroidManifest.xml:59:15
	android:theme
		ADDED from AndroidManifest.xml:59:165
	android:name
		ADDED from AndroidManifest.xml:59:66
	android:launchMode
		ADDED from AndroidManifest.xml:59:200
uses-permission#android.permission.CAMERA
ADDED from AndroidManifest.xml:62:3
	android:name
		ADDED from AndroidManifest.xml:62:20
uses-permission#android.permission.INTERNET
ADDED from AndroidManifest.xml:63:3
	android:name
		ADDED from AndroidManifest.xml:63:20
uses-permission#android.permission.WRITE_EXTERNAL_STORAGE
ADDED from AndroidManifest.xml:64:3
	android:name
		ADDED from AndroidManifest.xml:64:20